<?xml version="1.0" encoding="UTF-8"?>
<!-- Generated by org.testng.reporters.JUnitXMLReporter -->
<testsuite ignored="0" hostname="DESKTOP-H3E9I3M" failures="0" tests="6" name="Command line test" time="35.605" errors="0" timestamp="2022-03-12T15:14:47 IST">
  <testcase classname="com.simplilearn.demo.FirstTest" name="f" time="0.004"/>
  <testcase classname="com.simplilearn.demo.ParallelTest" name="LaunchChrome" time="21.747"/>
  <testcase classname="com.simplilearn.demo.ParallelTest" name="LaunchFirefox" time="12.826"/>
  <testcase classname="com.simplilearn.demo.ParallelTest" name="TryFacebook1" time="0.547"/>
  <testcase classname="com.simplilearn.demo.ParallelTest" name="TryFacebook2" time="0.368"/>
  <testcase classname="com.simplilearn.demo.TestDemo" name="test3" time="0.001"/>
</testsuite> <!-- Command line test -->
