<?xml version="1.0" encoding="UTF-8"?>
<testng-results ignored="0" total="6" passed="6" failed="0" skipped="0">
  <reporter-output>
  </reporter-output>
  <suite started-at="2022-03-12T15:14:11 IST" name="Command line suite" finished-at="2022-03-12T15:14:47 IST" duration-ms="35605">
    <groups>
      <group name="Chrome">
        <method signature="ParallelTest.LaunchChrome()[pri:0, instance:com.simplilearn.demo.ParallelTest@fbd1f6]" name="LaunchChrome" class="com.simplilearn.demo.ParallelTest"/>
        <method signature="ParallelTest.TryFacebook1()[pri:0, instance:com.simplilearn.demo.ParallelTest@fbd1f6]" name="TryFacebook1" class="com.simplilearn.demo.ParallelTest"/>
      </group> <!-- Chrome -->
      <group name="Firefox">
        <method signature="ParallelTest.LaunchFirefox()[pri:0, instance:com.simplilearn.demo.ParallelTest@fbd1f6]" name="LaunchFirefox" class="com.simplilearn.demo.ParallelTest"/>
        <method signature="ParallelTest.TryFacebook2()[pri:0, instance:com.simplilearn.demo.ParallelTest@fbd1f6]" name="TryFacebook2" class="com.simplilearn.demo.ParallelTest"/>
      </group> <!-- Firefox -->
    </groups>
    <test started-at="2022-03-12T15:14:11 IST" name="Command line test" finished-at="2022-03-12T15:14:47 IST" duration-ms="35605">
      <class name="com.simplilearn.demo.ParallelTest">
        <test-method signature="LaunchChrome()[pri:0, instance:com.simplilearn.demo.ParallelTest@fbd1f6]" started-at="2022-03-12T15:14:11 IST" name="LaunchChrome" finished-at="2022-03-12T15:14:33 IST" duration-ms="21747" status="PASS">
          <reporter-output>
          </reporter-output>
        </test-method> <!-- LaunchChrome -->
        <test-method signature="LaunchFirefox()[pri:0, instance:com.simplilearn.demo.ParallelTest@fbd1f6]" started-at="2022-03-12T15:14:33 IST" name="LaunchFirefox" finished-at="2022-03-12T15:14:46 IST" duration-ms="12826" status="PASS">
          <reporter-output>
          </reporter-output>
        </test-method> <!-- LaunchFirefox -->
        <test-method signature="TryFacebook1()[pri:0, instance:com.simplilearn.demo.ParallelTest@fbd1f6]" started-at="2022-03-12T15:14:46 IST" name="TryFacebook1" finished-at="2022-03-12T15:14:46 IST" depends-on-methods="com.simplilearn.demo.ParallelTest.LaunchChrome" duration-ms="547" status="PASS">
          <reporter-output>
          </reporter-output>
        </test-method> <!-- TryFacebook1 -->
        <test-method signature="TryFacebook2()[pri:0, instance:com.simplilearn.demo.ParallelTest@fbd1f6]" started-at="2022-03-12T15:14:46 IST" name="TryFacebook2" finished-at="2022-03-12T15:14:47 IST" depends-on-methods="com.simplilearn.demo.ParallelTest.LaunchFirefox" duration-ms="368" status="PASS">
          <reporter-output>
          </reporter-output>
        </test-method> <!-- TryFacebook2 -->
      </class> <!-- com.simplilearn.demo.ParallelTest -->
      <class name="com.simplilearn.demo.TestDemo">
        <test-method signature="test3()[pri:0, instance:com.simplilearn.demo.TestDemo@1ce24091]" started-at="2022-03-12T15:14:47 IST" name="test3" finished-at="2022-03-12T15:14:47 IST" duration-ms="1" status="PASS">
          <reporter-output>
          </reporter-output>
        </test-method> <!-- test3 -->
      </class> <!-- com.simplilearn.demo.TestDemo -->
      <class name="com.simplilearn.demo.FirstTest">
        <test-method is-config="true" signature="beforeSuite()[pri:0, instance:com.simplilearn.demo.FirstTest@bcec361]" started-at="2022-03-12T15:14:11 IST" name="beforeSuite" finished-at="2022-03-12T15:14:11 IST" duration-ms="33" status="PASS">
          <reporter-output>
          </reporter-output>
        </test-method> <!-- beforeSuite -->
        <test-method is-config="true" signature="beforeTest()[pri:0, instance:com.simplilearn.demo.FirstTest@bcec361]" started-at="2022-03-12T15:14:11 IST" name="beforeTest" finished-at="2022-03-12T15:14:11 IST" duration-ms="2" status="PASS">
          <reporter-output>
          </reporter-output>
        </test-method> <!-- beforeTest -->
        <test-method is-config="true" signature="beforeClass()[pri:0, instance:com.simplilearn.demo.FirstTest@bcec361]" started-at="2022-03-12T15:14:11 IST" name="beforeClass" finished-at="2022-03-12T15:14:11 IST" duration-ms="1" status="PASS">
          <reporter-output>
          </reporter-output>
        </test-method> <!-- beforeClass -->
        <test-method is-config="true" signature="beforeMethod()[pri:0, instance:com.simplilearn.demo.FirstTest@bcec361]" started-at="2022-03-12T15:14:11 IST" name="beforeMethod" finished-at="2022-03-12T15:14:11 IST" duration-ms="1" status="PASS">
          <reporter-output>
          </reporter-output>
        </test-method> <!-- beforeMethod -->
        <test-method signature="f()[pri:0, instance:com.simplilearn.demo.FirstTest@bcec361]" started-at="2022-03-12T15:14:11 IST" name="f" finished-at="2022-03-12T15:14:11 IST" duration-ms="4" status="PASS">
          <reporter-output>
          </reporter-output>
        </test-method> <!-- f -->
        <test-method is-config="true" signature="afterMethod()[pri:0, instance:com.simplilearn.demo.FirstTest@bcec361]" started-at="2022-03-12T15:14:11 IST" name="afterMethod" finished-at="2022-03-12T15:14:11 IST" duration-ms="0" status="PASS">
          <reporter-output>
          </reporter-output>
        </test-method> <!-- afterMethod -->
        <test-method is-config="true" signature="afterClass()[pri:0, instance:com.simplilearn.demo.FirstTest@bcec361]" started-at="2022-03-12T15:14:11 IST" name="afterClass" finished-at="2022-03-12T15:14:11 IST" duration-ms="3" status="PASS">
          <reporter-output>
          </reporter-output>
        </test-method> <!-- afterClass -->
        <test-method is-config="true" signature="afterTest()[pri:0, instance:com.simplilearn.demo.FirstTest@bcec361]" started-at="2022-03-12T15:14:47 IST" name="afterTest" finished-at="2022-03-12T15:14:47 IST" duration-ms="0" status="PASS">
          <reporter-output>
          </reporter-output>
        </test-method> <!-- afterTest -->
        <test-method is-config="true" signature="afterSuite()[pri:0, instance:com.simplilearn.demo.FirstTest@bcec361]" started-at="2022-03-12T15:14:47 IST" name="afterSuite" finished-at="2022-03-12T15:14:47 IST" duration-ms="0" status="PASS">
          <reporter-output>
          </reporter-output>
        </test-method> <!-- afterSuite -->
      </class> <!-- com.simplilearn.demo.FirstTest -->
    </test> <!-- Command line test -->
  </suite> <!-- Command line suite -->
</testng-results>
