<?xml version="1.0" encoding="UTF-8" ?>
<testsuite tests="6" failures="0" name="TestSuite" time="35.49" errors="0" skipped="0">
  <properties>
[...]
</properties>
  <testcase classname="com.simplilearn.demo.FirstTest" name="f" time="0.009"/>
  <testcase classname="com.simplilearn.demo.ParallelTest" name="LaunchChrome" time="21.746"/>
  <testcase classname="com.simplilearn.demo.ParallelTest" name="LaunchFirefox" time="12.826"/>
  <testcase classname="com.simplilearn.demo.ParallelTest" name="TryFacebook1" time="0.54"/>
  <testcase classname="com.simplilearn.demo.ParallelTest" name="TryFacebook2" time="0.369"/>
  <testcase classname="com.simplilearn.demo.TestDemo" name="test3" time="0"/>
</testsuite>