<?xml version="1.0" encoding="UTF-8"?>
<testng-results ignored="0" total="1" passed="1" failed="0" skipped="0">
  <reporter-output>
  </reporter-output>
  <suite started-at="2022-03-29T22:16:30 IST" name="Default suite" finished-at="2022-03-29T22:16:39 IST" duration-ms="9450">
    <groups>
    </groups>
    <test started-at="2022-03-29T22:16:30 IST" name="Default test" finished-at="2022-03-29T22:16:39 IST" duration-ms="9450">
      <class name="com.simplilearn.demo.Facebook">
        <test-method is-config="true" signature="beforeMethod()[pri:0, instance:com.simplilearn.demo.Facebook@7a419da4]" started-at="2022-03-29T22:16:30 IST" name="beforeMethod" finished-at="2022-03-29T22:16:35 IST" duration-ms="5232" status="PASS">
          <reporter-output>
          </reporter-output>
        </test-method> <!-- beforeMethod -->
        <test-method signature="welcome()[pri:0, instance:com.simplilearn.demo.Facebook@7a419da4]" started-at="2022-03-29T22:16:35 IST" name="welcome" finished-at="2022-03-29T22:16:35 IST" duration-ms="5" status="PASS">
          <reporter-output>
          </reporter-output>
        </test-method> <!-- welcome -->
        <test-method is-config="true" signature="afterMethod()[pri:0, instance:com.simplilearn.demo.Facebook@7a419da4]" started-at="2022-03-29T22:16:35 IST" name="afterMethod" finished-at="2022-03-29T22:16:39 IST" duration-ms="4181" status="PASS">
          <reporter-output>
          </reporter-output>
        </test-method> <!-- afterMethod -->
      </class> <!-- com.simplilearn.demo.Facebook -->
    </test> <!-- Default test -->
  </suite> <!-- Default suite -->
</testng-results>
